<?xml version="1.0" encoding="UTF-8"?>
<testng-results ignored="0" total="2" passed="2" failed="0" skipped="0">
  <reporter-output>
  </reporter-output>
  <suite started-at="2023-08-25T17:11:40 JST" name="suite1" finished-at="2023-08-25T17:12:01 JST" duration-ms="21613">
    <groups>
      <group name="cartCheck2">
        <method signature="AddToCartTest2.checkItemB()[pri:0, instance:AmazonCartTest.AddToCartTest2@451001e5]" name="checkItemB" class="AmazonCartTest.AddToCartTest2"/>
      </group> <!-- cartCheck2 -->
      <group name="cartCheck1">
        <method signature="AddToCartTest1.checkItemA()[pri:0, instance:AmazonCartTest.AddToCartTest1@28261e8e]" name="checkItemA" class="AmazonCartTest.AddToCartTest1"/>
      </group> <!-- cartCheck1 -->
    </groups>
    <test started-at="2023-08-25T17:11:40 JST" name="test1" finished-at="2023-08-25T17:12:01 JST" duration-ms="21613">
      <class name="AmazonCartTest.AddToCartTest1">
        <test-method is-config="true" signature="beforeCheckItemA()[pri:0, instance:AmazonCartTest.AddToCartTest1@28261e8e]" started-at="2023-08-25T17:11:40 JST" name="beforeCheckItemA" finished-at="2023-08-25T17:11:46 JST" duration-ms="6074" status="PASS">
          <reporter-output>
          </reporter-output>
        </test-method> <!-- beforeCheckItemA -->
        <test-method signature="checkItemA()[pri:0, instance:AmazonCartTest.AddToCartTest1@28261e8e]" started-at="2023-08-25T17:11:46 JST" name="checkItemA" finished-at="2023-08-25T17:12:00 JST" duration-ms="14099" status="PASS">
          <reporter-output>
          </reporter-output>
        </test-method> <!-- checkItemA -->
        <test-method is-config="true" signature="afterCheckItemA()[pri:0, instance:AmazonCartTest.AddToCartTest1@28261e8e]" started-at="2023-08-25T17:12:00 JST" name="afterCheckItemA" finished-at="2023-08-25T17:12:00 JST" duration-ms="566" status="PASS">
          <reporter-output>
          </reporter-output>
        </test-method> <!-- afterCheckItemA -->
      </class> <!-- AmazonCartTest.AddToCartTest1 -->
      <class name="AmazonCartTest.AddToCartTest2">
        <test-method is-config="true" signature="beforeCheckItemA()[pri:0, instance:AmazonCartTest.AddToCartTest2@451001e5]" started-at="2023-08-25T17:11:40 JST" name="beforeCheckItemA" finished-at="2023-08-25T17:11:45 JST" duration-ms="5446" status="PASS">
          <reporter-output>
          </reporter-output>
        </test-method> <!-- beforeCheckItemA -->
        <test-method signature="checkItemB()[pri:0, instance:AmazonCartTest.AddToCartTest2@451001e5]" started-at="2023-08-25T17:11:45 JST" name="checkItemB" finished-at="2023-08-25T17:12:01 JST" duration-ms="15836" status="PASS">
          <reporter-output>
          </reporter-output>
        </test-method> <!-- checkItemB -->
        <test-method is-config="true" signature="afterCheckItemA()[pri:0, instance:AmazonCartTest.AddToCartTest2@451001e5]" started-at="2023-08-25T17:12:01 JST" name="afterCheckItemA" finished-at="2023-08-25T17:12:01 JST" duration-ms="253" status="PASS">
          <reporter-output>
          </reporter-output>
        </test-method> <!-- afterCheckItemA -->
      </class> <!-- AmazonCartTest.AddToCartTest2 -->
    </test> <!-- test1 -->
  </suite> <!-- suite1 -->
</testng-results>
